<?xml version="1.0" encoding="UTF-8"?>
<testsuites name="Sceanrio1" time="15" tests="1" failures="0" errors="0">
   <testsuite name="Sceanrio1" tests="1" failures="0" errors="0" time="15" timestamp="2018-07-25 11:20:20" hostname="slk - WSLK1FFTRFW-09.SLKSOFT.COM" id="Test Suites/Day2 Exec/Sceanrio1">
      <properties>
         <property name="deviceName" value=""/>
         <property name="devicePlatform" value=""/>
         <property name="logFolder" value="C:\\Users\\slk\\Katalon Studio\\Day1Training\\Reports\\Day2 Exec\\Sceanrio1\\20180725_112018"/>
         <property name="logFiles" value="C:\\Users\\slk\\Katalon Studio\\Day1Training\\Reports\\Day2 Exec\\Sceanrio1\\20180725_112018\\execution0.log"/>
         <property name="attachments" value=""/>
         <property name="hostName" value="slk - WSLK1FFTRFW-09.SLKSOFT.COM"/>
         <property name="os" value="Windows 7 64bit"/>
         <property name="katalonVersion" value="5.5.0.1"/>
         <property name="browser" value="Chrome 67.0.3396.99"/>
         <property name="hostAddress" value="192.168.56.1"/>
         <property name="sessionId" value="88044eb26e64fc08c6135750f09baf2c"/>
         <property name="seleniumVersion" value="3.7.1"/>
         <property name="proxyInformation" value="ProxyInformation{proxyOption=NO_PROXY, proxyServerType=HTTP, password=, proxyServerAddress=, proxyServerPort=0}"/>
         <property name="platform" value="Windows 7"/>
      </properties>
      <testcase name="Test Cases/Day 2 Training/Scenario1-Variables/Scenario1" classname="Test Cases/Day 2 Training/Scenario1-Variables/Scenario1" status="PASSED">
         <system-out><![CDATA[2018-07-25 11:20:21 - [TEST_CASE][PASSED] - Test Cases/Day 2 Training/Scenario1-Variables/Scenario1: Test Cases/Day 2 Training/Scenario1-Variables/Scenario1

2018-07-25 11:20:21 - [TEST_STEP][PASSED] - openBrowser: Browser is opened with url: ''

2018-07-25 11:20:25 - [MESSAGE][PASSED] - Browser is opened with url: ''

2018-07-25 11:20:25 - [TEST_STEP][PASSED] - navigateToUrl: Navigate to 'https://opensource-demo.orangehrmlive.com/' successfully

2018-07-25 11:20:31 - [MESSAGE][PASSED] - Navigate to 'https://opensource-demo.orangehrmlive.com/' successfully

2018-07-25 11:20:31 - [TEST_STEP][PASSED] - click: Object: 'Object Repository/Day2 Repository/Page_OrangeHRM/span_Username' is clicked on

2018-07-25 11:20:31 - [MESSAGE][PASSED] - Object: 'Object Repository/Day2 Repository/Page_OrangeHRM/span_Username' is clicked on

2018-07-25 11:20:31 - [TEST_STEP][PASSED] - setText: Text 'Admin' is set on object 'Object Repository/Day2 Repository/Page_OrangeHRM/input_txtUsername'

2018-07-25 11:20:31 - [MESSAGE][PASSED] - Text 'Admin' is set on object 'Object Repository/Day2 Repository/Page_OrangeHRM/input_txtUsername'

2018-07-25 11:20:31 - [TEST_STEP][PASSED] - setEncryptedText: Text ****** has been set on object 'Object Repository/Day2 Repository/Page_OrangeHRM/input_txtPassword'

2018-07-25 11:20:31 - [MESSAGE][PASSED] - Text ****** has been set on object 'Object Repository/Day2 Repository/Page_OrangeHRM/input_txtPassword'

2018-07-25 11:20:31 - [TEST_STEP][PASSED] - click: Object: 'Object Repository/Day2 Repository/Page_OrangeHRM/input_Submit' is clicked on

2018-07-25 11:20:35 - [MESSAGE][PASSED] - Object: 'Object Repository/Day2 Repository/Page_OrangeHRM/input_Submit' is clicked on]]></system-out>
         <system-err><![CDATA[]]></system-err>
      </testcase>
      <system-out><![CDATA[2018-07-25 11:20:20 - [TEST_SUITE][PASSED] - Sceanrio1: Test Cases/Day 2 Training/Scenario1-Variables/Scenario1]]></system-out>
      <system-err><![CDATA[]]></system-err>
   </testsuite>
</testsuites>
